<?xml version="1.0" encoding="UTF-8"?>
<testsuite name="ComputerRapairRequestTest" tests="2" skipped="0" failures="0" errors="0" timestamp="2025-03-10T16:52:14" hostname="Stefans-MacBook-Pro.local" time="0.01">
  <properties/>
  <testcase name="Test for ComputerRepairRequest" classname="ComputerRapairRequestTest" time="0.009"/>
  <testcase name="Test 2=2" classname="ComputerRapairRequestTest" time="0.0"/>
  <system-out><![CDATA[]]></system-out>
  <system-err><![CDATA[]]></system-err>
</testsuite>
