<?xml version="1.0" encoding="UTF-8"?>
<testsuite name="ComputerRapairRequestTest" tests="2" skipped="0" failures="0" errors="0" timestamp="2025-03-03T16:46:02" hostname="Stefans-MacBook-Pro.local" time="0.012">
  <properties/>
  <testcase name="Test for ComputerRepairRequest" classname="ComputerRapairRequestTest" time="0.01"/>
  <testcase name="Test 2=2" classname="ComputerRapairRequestTest" time="0.001"/>
  <system-out><![CDATA[]]></system-out>
  <system-err><![CDATA[]]></system-err>
</testsuite>
